  Main.cpp
C:\Users\tao\Documents\Visual Studio 2015\Projects\OpenGL_Demo1\OpenGL_Demo1\include\LoadShaders.h(29): warning C4996: 'fopen': This function or variable may be unsafe. Consider using fopen_s instead. To disable deprecation, use _CRT_SECURE_NO_WARNINGS. See online help for details.
  C:\Program Files (x86)\Windows Kits\10\Include\10.0.10240.0\ucrt\stdio.h(205): note: 参见“fopen”的声明
c:\users\tao\documents\visual studio 2015\projects\pbalwithssr\pbalwithssr\SceneManager.h(73): warning C4305: “参数”: 从“double”到“const float”截断
c:\users\tao\documents\visual studio 2015\projects\pbalwithssr\pbalwithssr\SceneManager.h(91): warning C4305: “参数”: 从“double”到“float”截断
c:\users\tao\documents\visual studio 2015\projects\pbalwithssr\pbalwithssr\SceneManager.h(97): warning C4305: “参数”: 从“double”到“float”截断
c:\users\tao\documents\visual studio 2015\projects\pbalwithssr\pbalwithssr\SceneManager.h(103): warning C4305: “参数”: 从“double”到“float”截断
c:\users\tao\documents\visual studio 2015\projects\pbalwithssr\pbalwithssr\SceneManager.h(109): warning C4305: “参数”: 从“double”到“float”截断
c:\users\tao\documents\visual studio 2015\projects\pbalwithssr\pbalwithssr\SceneManager.h(115): warning C4305: “参数”: 从“double”到“float”截断
c:\users\tao\documents\visual studio 2015\projects\pbalwithssr\pbalwithssr\SceneManager.h(119): warning C4018: “<”: 有符号/无符号不匹配
c:\users\tao\documents\visual studio 2015\projects\pbalwithssr\pbalwithssr\SceneManager.h(123): warning C4018: “<”: 有符号/无符号不匹配
c:\users\tao\documents\visual studio 2015\projects\pbalwithssr\pbalwithssr\SceneManager.h(149): warning C4305: “参数”: 从“double”到“float”截断
c:\users\tao\documents\visual studio 2015\projects\pbalwithssr\pbalwithssr\SceneManager.h(151): warning C4305: “参数”: 从“double”到“float”截断
c:\users\tao\documents\visual studio 2015\projects\pbalwithssr\pbalwithssr\SceneManager.h(153): warning C4305: “参数”: 从“double”到“float”截断
c:\users\tao\documents\visual studio 2015\projects\pbalwithssr\pbalwithssr\SceneManager.h(154): warning C4305: “参数”: 从“double”到“float”截断
c:\users\tao\documents\visual studio 2015\projects\pbalwithssr\pbalwithssr\SceneManager.h(160): warning C4305: “参数”: 从“double”到“float”截断
c:\users\tao\documents\visual studio 2015\projects\pbalwithssr\pbalwithssr\SceneManager.h(174): warning C4305: “参数”: 从“double”到“float”截断
c:\users\tao\documents\visual studio 2015\projects\pbalwithssr\pbalwithssr\SceneManager.h(175): warning C4305: “参数”: 从“double”到“float”截断
c:\users\tao\documents\visual studio 2015\projects\pbalwithssr\pbalwithssr\SceneManager.h(176): warning C4305: “参数”: 从“double”到“float”截断
c:\users\tao\documents\visual studio 2015\projects\pbalwithssr\pbalwithssr\SceneManager.h(206): warning C4305: “=”: 从“double”到“float”截断
c:\users\tao\documents\visual studio 2015\projects\pbalwithssr\pbalwithssr\SceneManager.h(235): warning C4244: “参数”: 从“int”转换到“GLfloat”，可能丢失数据
c:\users\tao\documents\visual studio 2015\projects\pbalwithssr\pbalwithssr\SceneManager.h(235): warning C4244: “初始化”: 从“double”转换到“float”，可能丢失数据
c:\users\tao\documents\visual studio 2015\projects\pbalwithssr\pbalwithssr\SceneManager.h(236): warning C4244: “参数”: 从“int”转换到“GLfloat”，可能丢失数据
c:\users\tao\documents\visual studio 2015\projects\pbalwithssr\pbalwithssr\SceneManager.h(236): warning C4244: “初始化”: 从“double”转换到“float”，可能丢失数据
c:\users\tao\documents\visual studio 2015\projects\pbalwithssr\pbalwithssr\SceneManager.h(297): warning C4018: “<”: 有符号/无符号不匹配
c:\users\tao\documents\visual studio 2015\projects\pbalwithssr\pbalwithssr\SceneManager.h(317): warning C4018: “<”: 有符号/无符号不匹配
c:\users\tao\documents\visual studio 2015\projects\pbalwithssr\pbalwithssr\SceneManager.h(343): warning C4018: “<”: 有符号/无符号不匹配
c:\users\tao\documents\visual studio 2015\projects\pbalwithssr\pbalwithssr\PBALRenderer.h(16): warning C4305: “初始化”: 从“double”到“float”截断
c:\users\tao\documents\visual studio 2015\projects\pbalwithssr\pbalwithssr\PBALRenderer.h(17): warning C4305: “初始化”: 从“double”到“float”截断
c:\users\tao\documents\visual studio 2015\projects\pbalwithssr\pbalwithssr\PBALRenderer.h(18): warning C4305: “初始化”: 从“double”到“float”截断
c:\users\tao\documents\visual studio 2015\projects\pbalwithssr\pbalwithssr\PBALRenderer.h(21): warning C4305: “初始化”: 从“double”到“float”截断
c:\users\tao\documents\visual studio 2015\projects\pbalwithssr\pbalwithssr\PBALRenderer.h(57): warning C4244: “return”: 从“double”转换到“float”，可能丢失数据
c:\users\tao\documents\visual studio 2015\projects\pbalwithssr\pbalwithssr\PBALRenderer.h(64): warning C4244: “return”: 从“double”转换到“float”，可能丢失数据
c:\users\tao\documents\visual studio 2015\projects\pbalwithssr\pbalwithssr\PBALRenderer.h(192): warning C4244: “参数”: 从“int”转换到“float”，可能丢失数据
c:\users\tao\documents\visual studio 2015\projects\pbalwithssr\pbalwithssr\SSREffect.h(416): warning C4244: “=”: 从“double”转换到“float”，可能丢失数据
Main.cpp(34): warning C4244: “参数”: 从“int”转换到“const float”，可能丢失数据
Main.cpp(38): warning C4244: “参数”: 从“int”转换到“const float”，可能丢失数据
  正在生成代码
  0 of 296 functions ( 0.0%) were compiled, the rest were copied from previous compilation.
    0 functions were new in current compilation
    0 functions had inline decision re-evaluated but remain unchanged
  已完成代码的生成
  PBALWithSSR.vcxproj -> C:\Users\tao\Documents\Visual Studio 2015\Projects\PBALWithSSR\Release\PBALWithSSR.exe
  PBALWithSSR.vcxproj -> C:\Users\tao\Documents\Visual Studio 2015\Projects\PBALWithSSR\Release\PBALWithSSR.pdb (Full PDB)
